
--- 2026-06-06T09:21:01.141Z debug
🪵  Writing logs to "/home/michael/.config/.wrangler/logs/wrangler-2026-06-06_09-21-00_521.log"
---

--- 2026-06-06T09:21:01.141Z debug
.env file not found at "/home/michael/Projects/uncap.us/.env". Continuing... For more details, refer to https://developers.cloudflare.com/workers/wrangler/system-environment-variables/
---

--- 2026-06-06T09:21:01.262Z log

 ⛅️ wrangler 4.98.0
───────────────────
---

--- 2026-06-06T09:21:01.323Z log
Getting User settings...
---

--- 2026-06-06T09:21:01.326Z debug
Metrics dispatcher: Posting data {"deviceId":"75f672de-8f33-4c06-8e78-2d26fc318570","event":"wrangler command started","timestamp":1780737661325,"properties":{"amplitude_session_id":1780737661286,"amplitude_event_id":0,"wranglerVersion":"4.98.0","wranglerMajorVersion":4,"wranglerMinorVersion":98,"wranglerPatchVersion":0,"osPlatform":"Linux","osVersion":"#1 SMP PREEMPT_DYNAMIC Fri, 22 May 2026 19:25:09 +0000","nodeVersion":24,"isFirstUsage":false,"configFileType":"none","isCI":false,"isPagesCI":false,"isWorkersCI":false,"isInteractive":false,"hasAssets":false,"agent":null,"argsUsed":[],"argsCombination":"","sanitizedCommand":"whoami","sanitizedArgs":{},"currentAgentSkillsInstalled":null}}
---

--- 2026-06-06T09:21:01.351Z debug
-- START CF API REQUEST: GET https://api.cloudflare.com/client/v4/user/tokens/verify
---

--- 2026-06-06T09:21:01.351Z debug
QUERY STRING: omitted; set WRANGLER_LOG_SANITIZE=false to include sanitized data
---

--- 2026-06-06T09:21:01.352Z debug
HEADERS: omitted; set WRANGLER_LOG_SANITIZE=false to include sanitized data
---

--- 2026-06-06T09:21:01.352Z debug
INIT: omitted; set WRANGLER_LOG_SANITIZE=false to include sanitized data
---

--- 2026-06-06T09:21:01.353Z debug
-- END CF API REQUEST
---

--- 2026-06-06T09:21:02.459Z debug
-- START CF API RESPONSE: Unauthorized 401
---

--- 2026-06-06T09:21:02.460Z debug
HEADERS: omitted; set WRANGLER_LOG_SANITIZE=false to include sanitized data
---

--- 2026-06-06T09:21:02.460Z debug
RESPONSE: omitted; set WRANGLER_LOG_SANITIZE=false to include sanitized data
---

--- 2026-06-06T09:21:02.460Z debug
-- END CF API RESPONSE
---

--- 2026-06-06T09:21:02.468Z debug
-- START CF API REQUEST: GET https://api.cloudflare.com/client/v4/user
---

--- 2026-06-06T09:21:02.468Z debug
QUERY STRING: omitted; set WRANGLER_LOG_SANITIZE=false to include sanitized data
---

--- 2026-06-06T09:21:02.469Z debug
HEADERS: omitted; set WRANGLER_LOG_SANITIZE=false to include sanitized data
---

--- 2026-06-06T09:21:02.469Z debug
INIT: omitted; set WRANGLER_LOG_SANITIZE=false to include sanitized data
---

--- 2026-06-06T09:21:02.469Z debug
-- END CF API REQUEST
---

--- 2026-06-06T09:21:02.877Z debug
-- START CF API RESPONSE: Forbidden 403
---

--- 2026-06-06T09:21:02.878Z debug
HEADERS: omitted; set WRANGLER_LOG_SANITIZE=false to include sanitized data
---

--- 2026-06-06T09:21:02.878Z debug
RESPONSE: omitted; set WRANGLER_LOG_SANITIZE=false to include sanitized data
---

--- 2026-06-06T09:21:02.878Z debug
-- END CF API RESPONSE
---

--- 2026-06-06T09:21:02.880Z debug
-- START CF API REQUEST: GET https://api.cloudflare.com/client/v4/accounts
---

--- 2026-06-06T09:21:02.880Z debug
QUERY STRING: omitted; set WRANGLER_LOG_SANITIZE=false to include sanitized data
---

--- 2026-06-06T09:21:02.880Z debug
HEADERS: omitted; set WRANGLER_LOG_SANITIZE=false to include sanitized data
---

--- 2026-06-06T09:21:02.880Z debug
INIT: omitted; set WRANGLER_LOG_SANITIZE=false to include sanitized data
---

--- 2026-06-06T09:21:02.881Z debug
-- END CF API REQUEST
---

--- 2026-06-06T09:21:02.882Z debug
-- START CF API REQUEST: GET https://api.cloudflare.com/client/v4/memberships
---

--- 2026-06-06T09:21:02.883Z debug
QUERY STRING: omitted; set WRANGLER_LOG_SANITIZE=false to include sanitized data
---

--- 2026-06-06T09:21:02.884Z debug
HEADERS: omitted; set WRANGLER_LOG_SANITIZE=false to include sanitized data
---

--- 2026-06-06T09:21:02.884Z debug
INIT: omitted; set WRANGLER_LOG_SANITIZE=false to include sanitized data
---

--- 2026-06-06T09:21:02.884Z debug
-- END CF API REQUEST
---

--- 2026-06-06T09:21:03.071Z debug
-- START CF API RESPONSE: Bad Request 400
---

--- 2026-06-06T09:21:03.072Z debug
HEADERS: omitted; set WRANGLER_LOG_SANITIZE=false to include sanitized data
---

--- 2026-06-06T09:21:03.072Z debug
RESPONSE: omitted; set WRANGLER_LOG_SANITIZE=false to include sanitized data
---

--- 2026-06-06T09:21:03.072Z debug
-- END CF API RESPONSE
---

--- 2026-06-06T09:21:03.128Z debug
-- START CF API RESPONSE: OK 200
---

--- 2026-06-06T09:21:03.129Z debug
HEADERS: omitted; set WRANGLER_LOG_SANITIZE=false to include sanitized data
---

--- 2026-06-06T09:21:03.129Z debug
RESPONSE: omitted; set WRANGLER_LOG_SANITIZE=false to include sanitized data
---

--- 2026-06-06T09:21:03.129Z debug
-- END CF API RESPONSE
---

--- 2026-06-06T09:21:03.135Z log
👋 You are logged in with an Account API Token, associated with the account Freedom@everythingmonetized.com's Account.
---

--- 2026-06-06T09:21:03.136Z log
ℹ️  The API Token is read from the CLOUDFLARE_API_TOKEN environment variable.
---

--- 2026-06-06T09:21:03.168Z log
┌───────────────────────────────────────────┬──────────────────────────────────┐
│ Account Name                              │ Account ID                       │
├───────────────────────────────────────────┼──────────────────────────────────┤
│ Freedom@everythingmonetized.com's Account │ da2339601f16d276f250694d61bc11ad │
└───────────────────────────────────────────┴──────────────────────────────────┘
---

--- 2026-06-06T09:21:03.172Z log
🔓 To see token permissions visit https://dash.cloudflare.com/da2339601f16d276f250694d61bc11ad/api-tokens
---

--- 2026-06-06T09:21:03.176Z debug
Metrics dispatcher: Posting data {"deviceId":"75f672de-8f33-4c06-8e78-2d26fc318570","event":"view accounts","timestamp":1780737663176,"properties":{"amplitude_session_id":1780737663173,"amplitude_event_id":0,"wranglerVersion":"4.98.0","wranglerMajorVersion":4,"wranglerMinorVersion":98,"wranglerPatchVersion":0,"osPlatform":"Linux","osVersion":"#1 SMP PREEMPT_DYNAMIC Fri, 22 May 2026 19:25:09 +0000","nodeVersion":24,"isFirstUsage":false,"configFileType":"none","isCI":false,"isPagesCI":false,"isWorkersCI":false,"isInteractive":false,"hasAssets":false,"agent":null,"category":"Workers","os":"linux:x64","currentAgentSkillsInstalled":null}}
---

--- 2026-06-06T09:21:03.179Z debug
Metrics dispatcher: Posting data {"deviceId":"75f672de-8f33-4c06-8e78-2d26fc318570","event":"wrangler command completed","timestamp":1780737663178,"properties":{"amplitude_session_id":1780737661286,"amplitude_event_id":1,"wranglerVersion":"4.98.0","wranglerMajorVersion":4,"wranglerMinorVersion":98,"wranglerPatchVersion":0,"osPlatform":"Linux","osVersion":"#1 SMP PREEMPT_DYNAMIC Fri, 22 May 2026 19:25:09 +0000","nodeVersion":24,"isFirstUsage":false,"configFileType":"none","isCI":false,"isPagesCI":false,"isWorkersCI":false,"isInteractive":false,"hasAssets":false,"agent":null,"argsUsed":[],"argsCombination":"","sanitizedCommand":"whoami","sanitizedArgs":{},"durationMs":2015,"currentAgentSkillsInstalled":null}}
---
