
--- 2026-06-06T09:24:11.150Z debug
🪵  Writing logs to "/home/michael/.config/.wrangler/logs/wrangler-2026-06-06_09-24-10_550.log"
---

--- 2026-06-06T09:24:11.150Z debug
.env file not found at "/home/michael/Projects/uncap.us/.env". Continuing... For more details, refer to https://developers.cloudflare.com/workers/wrangler/system-environment-variables/
---

--- 2026-06-06T09:24:11.177Z log

 ⛅️ wrangler 4.98.0
───────────────────
---

--- 2026-06-06T09:24:11.234Z log
Getting User settings...
---

--- 2026-06-06T09:24:11.242Z debug
Metrics dispatcher: Posting data {"deviceId":"75f672de-8f33-4c06-8e78-2d26fc318570","event":"wrangler command started","timestamp":1780737851242,"properties":{"amplitude_session_id":1780737851196,"amplitude_event_id":0,"wranglerVersion":"4.98.0","wranglerMajorVersion":4,"wranglerMinorVersion":98,"wranglerPatchVersion":0,"osPlatform":"Linux","osVersion":"#1 SMP PREEMPT_DYNAMIC Fri, 22 May 2026 19:25:09 +0000","nodeVersion":26,"isFirstUsage":false,"configFileType":"none","isCI":false,"isPagesCI":false,"isWorkersCI":false,"isInteractive":false,"hasAssets":false,"agent":null,"argsUsed":[],"argsCombination":"","sanitizedCommand":"whoami","sanitizedArgs":{},"currentAgentSkillsInstalled":null}}
---

--- 2026-06-06T09:24:11.284Z debug
fetching auth token grant_type=refresh_token
---

--- 2026-06-06T09:24:11.284Z debug
Checking if domain has Access enabled: dash.cloudflare.com
---

--- 2026-06-06T09:24:11.284Z debug
Access switch not cached for: dash.cloudflare.com
---

--- 2026-06-06T09:24:12.106Z debug
Caching access switch for: dash.cloudflare.com
---

--- 2026-06-06T09:24:12.106Z debug
Fetching auth token from https://dash.cloudflare.com/oauth2/token
---

--- 2026-06-06T09:24:12.740Z debug
-- START CF API REQUEST: GET https://api.cloudflare.com/client/v4/user
---

--- 2026-06-06T09:24:12.741Z debug
QUERY STRING: omitted; set WRANGLER_LOG_SANITIZE=false to include sanitized data
---

--- 2026-06-06T09:24:12.741Z debug
HEADERS: omitted; set WRANGLER_LOG_SANITIZE=false to include sanitized data
---

--- 2026-06-06T09:24:12.742Z debug
INIT: omitted; set WRANGLER_LOG_SANITIZE=false to include sanitized data
---

--- 2026-06-06T09:24:12.742Z debug
-- END CF API REQUEST
---

--- 2026-06-06T09:24:13.352Z debug
-- START CF API RESPONSE: OK 200
---

--- 2026-06-06T09:24:13.358Z debug
HEADERS: omitted; set WRANGLER_LOG_SANITIZE=false to include sanitized data
---

--- 2026-06-06T09:24:13.358Z debug
RESPONSE: omitted; set WRANGLER_LOG_SANITIZE=false to include sanitized data
---

--- 2026-06-06T09:24:13.358Z debug
-- END CF API RESPONSE
---

--- 2026-06-06T09:24:13.364Z debug
-- START CF API REQUEST: GET https://api.cloudflare.com/client/v4/accounts
---

--- 2026-06-06T09:24:13.364Z debug
QUERY STRING: omitted; set WRANGLER_LOG_SANITIZE=false to include sanitized data
---

--- 2026-06-06T09:24:13.364Z debug
HEADERS: omitted; set WRANGLER_LOG_SANITIZE=false to include sanitized data
---

--- 2026-06-06T09:24:13.364Z debug
INIT: omitted; set WRANGLER_LOG_SANITIZE=false to include sanitized data
---

--- 2026-06-06T09:24:13.364Z debug
-- END CF API REQUEST
---

--- 2026-06-06T09:24:13.369Z debug
-- START CF API REQUEST: GET https://api.cloudflare.com/client/v4/memberships
---

--- 2026-06-06T09:24:13.369Z debug
QUERY STRING: omitted; set WRANGLER_LOG_SANITIZE=false to include sanitized data
---

--- 2026-06-06T09:24:13.370Z debug
HEADERS: omitted; set WRANGLER_LOG_SANITIZE=false to include sanitized data
---

--- 2026-06-06T09:24:13.370Z debug
INIT: omitted; set WRANGLER_LOG_SANITIZE=false to include sanitized data
---

--- 2026-06-06T09:24:13.370Z debug
-- END CF API REQUEST
---

--- 2026-06-06T09:24:13.946Z debug
-- START CF API RESPONSE: OK 200
---

--- 2026-06-06T09:24:13.947Z debug
HEADERS: omitted; set WRANGLER_LOG_SANITIZE=false to include sanitized data
---

--- 2026-06-06T09:24:13.947Z debug
RESPONSE: omitted; set WRANGLER_LOG_SANITIZE=false to include sanitized data
---

--- 2026-06-06T09:24:13.947Z debug
-- END CF API RESPONSE
---

--- 2026-06-06T09:24:14.156Z debug
-- START CF API RESPONSE: OK 200
---

--- 2026-06-06T09:24:14.157Z debug
HEADERS: omitted; set WRANGLER_LOG_SANITIZE=false to include sanitized data
---

--- 2026-06-06T09:24:14.157Z debug
RESPONSE: omitted; set WRANGLER_LOG_SANITIZE=false to include sanitized data
---

--- 2026-06-06T09:24:14.157Z debug
-- END CF API RESPONSE
---

--- 2026-06-06T09:24:14.160Z log
👋 You are logged in with an OAuth Token, associated with the email michaelmonetized@gmail.com.
---

--- 2026-06-06T09:24:14.180Z log
┌───────────────────────────────────────────┬──────────────────────────────────┐
│ Account Name                              │ Account ID                       │
├───────────────────────────────────────────┼──────────────────────────────────┤
│ Freedom@everythingmonetized.com's Account │ da2339601f16d276f250694d61bc11ad │
└───────────────────────────────────────────┴──────────────────────────────────┘
---

--- 2026-06-06T09:24:14.181Z log
🔓 Token Permissions:
---

--- 2026-06-06T09:24:14.181Z log
Scope (Access)
---

--- 2026-06-06T09:24:14.181Z log
- account (read)
---

--- 2026-06-06T09:24:14.182Z log
- user (read)
---

--- 2026-06-06T09:24:14.182Z log
- workers (write)
---

--- 2026-06-06T09:24:14.184Z log
- workers_kv (write)
---

--- 2026-06-06T09:24:14.240Z log
- workers_routes (write)
---

--- 2026-06-06T09:24:14.240Z log
- workers_scripts (write)
---

--- 2026-06-06T09:24:14.241Z log
- workers_tail (read)
---

--- 2026-06-06T09:24:14.241Z log
- d1 (write)
---

--- 2026-06-06T09:24:14.241Z log
- pages (write)
---

--- 2026-06-06T09:24:14.241Z log
- zone (read)
---

--- 2026-06-06T09:24:14.241Z log
- ssl_certs (write)
---

--- 2026-06-06T09:24:14.242Z log
- ai (write)
---

--- 2026-06-06T09:24:14.242Z log
- ai-search (write)
---

--- 2026-06-06T09:24:14.242Z log
- ai-search (run)
---

--- 2026-06-06T09:24:14.242Z log
- websearch.run 
---

--- 2026-06-06T09:24:14.242Z log
- agent-memory (write)
---

--- 2026-06-06T09:24:14.242Z log
- queues (write)
---

--- 2026-06-06T09:24:14.242Z log
- pipelines (write)
---

--- 2026-06-06T09:24:14.242Z log
- secrets_store (write)
---

--- 2026-06-06T09:24:14.242Z log
- artifacts (write)
---

--- 2026-06-06T09:24:14.243Z log
- flagship (write)
---

--- 2026-06-06T09:24:14.243Z log
- containers (write)
---

--- 2026-06-06T09:24:14.243Z log
- cloudchamber (write)
---

--- 2026-06-06T09:24:14.243Z log
- connectivity (admin)
---

--- 2026-06-06T09:24:14.243Z log
- email_routing (write)
---

--- 2026-06-06T09:24:14.243Z log
- email_sending (write)
---

--- 2026-06-06T09:24:14.243Z log
- browser (write)
---

--- 2026-06-06T09:24:14.243Z log
- offline_access 
---

--- 2026-06-06T09:24:14.245Z debug
Metrics dispatcher: Posting data {"deviceId":"75f672de-8f33-4c06-8e78-2d26fc318570","event":"view accounts","timestamp":1780737854245,"properties":{"amplitude_session_id":1780737854244,"amplitude_event_id":0,"wranglerVersion":"4.98.0","wranglerMajorVersion":4,"wranglerMinorVersion":98,"wranglerPatchVersion":0,"osPlatform":"Linux","osVersion":"#1 SMP PREEMPT_DYNAMIC Fri, 22 May 2026 19:25:09 +0000","nodeVersion":26,"isFirstUsage":false,"configFileType":"none","isCI":false,"isPagesCI":false,"isWorkersCI":false,"isInteractive":false,"hasAssets":false,"agent":null,"category":"Workers","os":"linux:x64","currentAgentSkillsInstalled":null}}
---

--- 2026-06-06T09:24:14.248Z debug
Metrics dispatcher: Posting data {"deviceId":"75f672de-8f33-4c06-8e78-2d26fc318570","event":"wrangler command completed","timestamp":1780737854248,"properties":{"amplitude_session_id":1780737851196,"amplitude_event_id":1,"wranglerVersion":"4.98.0","wranglerMajorVersion":4,"wranglerMinorVersion":98,"wranglerPatchVersion":0,"osPlatform":"Linux","osVersion":"#1 SMP PREEMPT_DYNAMIC Fri, 22 May 2026 19:25:09 +0000","nodeVersion":26,"isFirstUsage":false,"configFileType":"none","isCI":false,"isPagesCI":false,"isWorkersCI":false,"isInteractive":false,"hasAssets":false,"agent":null,"argsUsed":[],"argsCombination":"","sanitizedCommand":"whoami","sanitizedArgs":{},"durationMs":3085,"currentAgentSkillsInstalled":null}}
---
