
--- 2026-06-05T03:14:33.142Z debug
🪵  Writing logs to "/home/michael/.config/.wrangler/logs/wrangler-2026-06-05_03-14-32_251.log"
---

--- 2026-06-05T03:14:33.142Z log

---

--- 2026-06-05T03:14:33.294Z error
✘ [ERROR] Unknown arguments: dns, record, list, hustlelaunch.com


---

--- 2026-06-05T03:14:33.330Z debug
.env file not found at "/home/michael/Projects/uncap.us/.env". Continuing... For more details, refer to https://developers.cloudflare.com/workers/wrangler/system-environment-variables/
---

--- 2026-06-05T03:14:33.385Z log
wrangler

COMMANDS
  wrangler docs [search..]        📚 Open Wrangler's command documentation in your browser
  wrangler complete [shell]       ⌨️ Generate and handle shell completions

  wrangler email                  Manage Cloudflare Email services [open beta]

ACCOUNT
  wrangler auth                   🔐 Manage authentication
  wrangler login                  🔓 Login to Cloudflare
  wrangler logout                 🚪 Logout from Cloudflare
  wrangler whoami                 🕵️ Retrieve your user information

COMPUTE & AI
  wrangler agent-memory           🧠 Manage Agent Memory namespaces [private beta]
  wrangler ai                     🤖 Manage AI models
  wrangler ai-search              🔍 Manage AI Search instances [open beta]
  wrangler browser                🌐 Manage Browser Run sessions [open beta]
  wrangler containers             📦 Manage Containers
  wrangler delete [name]          🗑️ Delete a Worker from Cloudflare
  wrangler deploy [path]          🆙 Deploy a Worker to Cloudflare
  wrangler deployments            🚢 List and view the current and past deployments for your Worker
  wrangler dev [script]           👂 Start a local server for developing your Worker
  wrangler dispatch-namespace     🏗️ Manage dispatch namespaces
  wrangler init [name]            📥 Initialize a basic Worker
  wrangler pages                  ⚡️ Configure Cloudflare Pages
  wrangler preview [script]       👀 Create a Preview deployment of the current Worker [private beta]
  wrangler queues                 📬 Manage Workers Queues
  wrangler rollback [version-id]  🔙 Rollback a deployment for a Worker
  wrangler secret                 🤫 Generate a secret that can be referenced in a Worker
  wrangler setup                  🪄 Setup a project to work on Cloudflare
  wrangler tail [worker]          🦚 Start a log tailing session for a Worker
  wrangler triggers               🎯 Updates the triggers of your current deployment [experimental]
  wrangler types [path]           📝 Generate types from your Worker configuration
  wrangler versions               🫧 List, view, upload and deploy Versions of your Worker to Cloudflare
  wrangler vpc                    🌐 Manage VPC [open beta]
  wrangler websearch              🔎 Run queries against Cloudflare Web Search [experimental]
  wrangler workflows              🔁 Manage Workflows

STORAGE & DATABASES
  wrangler artifacts              🧱 Manage Artifacts namespaces and repos [private beta]
  wrangler d1                     🗄️ Manage Workers D1 databases
  wrangler hyperdrive             🚀 Manage Hyperdrive databases
  wrangler kv                     🗂️ Manage Workers KV Namespaces
  wrangler pipelines              🚰 Manage Cloudflare Pipelines [open beta]
  wrangler r2                     📦 Manage R2 buckets & objects
  wrangler secrets-store          🔐 Manage the Secrets Store [open beta]
  wrangler vectorize              🧮 Manage Vectorize indexes

NETWORKING & SECURITY
  wrangler cert                   🪪 Manage client mTLS certificates and CA certificate chains used for secured connections [open beta]
  wrangler mtls-certificate       🪪 Manage certificates used for mTLS connections
  wrangler tunnel                 🚇 Manage Cloudflare Tunnels [experimental]

GLOBAL FLAGS
  -c, --config          Path to Wrangler configuration file  [string]
      --cwd             Run as if Wrangler was started in the specified directory instead of the current working directory  [string]
  -e, --env             Environment to use for operations, and for selecting .env and .dev.vars files  [string]
      --env-file        Path to an .env file to load - can be specified multiple times - values from earlier files are overridden by values in later files  [array]
  -h, --help            Show help  [boolean]
      --install-skills  Install Cloudflare agents skills, if not already present, without asking the user for confirmation  [boolean] [default: false]
  -v, --version         Show version number  [boolean]

Please report any issues to https://github.com/cloudflare/workers-sdk/issues/new/choose
---

--- 2026-06-05T03:14:33.389Z debug
Metrics dispatcher: Posting data {"deviceId":"75f672de-8f33-4c06-8e78-2d26fc318570","event":"wrangler command started","timestamp":1780629273388,"properties":{"amplitude_session_id":1780629273129,"amplitude_event_id":0,"wranglerVersion":"4.98.0","wranglerMajorVersion":4,"wranglerMinorVersion":98,"wranglerPatchVersion":0,"osPlatform":"Linux","osVersion":"#1 SMP PREEMPT_DYNAMIC Fri, 22 May 2026 19:25:09 +0000","nodeVersion":26,"isFirstUsage":false,"configFileType":"none","isCI":false,"isPagesCI":false,"isWorkersCI":false,"isInteractive":false,"hasAssets":false,"agent":null,"argsUsed":[],"argsCombination":"","sanitizedCommand":"","sanitizedArgs":{},"currentAgentSkillsInstalled":null}}
---

--- 2026-06-05T03:14:33.420Z debug
Metrics dispatcher: Posting data {"deviceId":"75f672de-8f33-4c06-8e78-2d26fc318570","event":"wrangler command errored","timestamp":1780629273420,"properties":{"amplitude_session_id":1780629273129,"amplitude_event_id":1,"wranglerVersion":"4.98.0","wranglerMajorVersion":4,"wranglerMinorVersion":98,"wranglerPatchVersion":0,"osPlatform":"Linux","osVersion":"#1 SMP PREEMPT_DYNAMIC Fri, 22 May 2026 19:25:09 +0000","nodeVersion":26,"isFirstUsage":false,"configFileType":"none","isCI":false,"isPagesCI":false,"isWorkersCI":false,"isInteractive":false,"hasAssets":false,"agent":null,"argsUsed":[],"argsCombination":"","sanitizedCommand":"","sanitizedArgs":{},"durationMs":23,"errorType":"CommandLineArgsError","errorMessage":"yargs validation error","currentAgentSkillsInstalled":null}}
---
