
--- 2026-06-06T09:23:36.752Z debug
🪵  Writing logs to "/home/michael/.config/.wrangler/logs/wrangler-2026-06-06_09-23-36_105.log"
---

--- 2026-06-06T09:23:36.752Z debug
.env file not found at "/home/michael/Projects/uncap.us/.env". Continuing... For more details, refer to https://developers.cloudflare.com/workers/wrangler/system-environment-variables/
---

--- 2026-06-06T09:23:36.829Z log
{
  "type": "api_token",
  "token": "cfat_dNlL1GpDmWnIKpZYh4nEjusdJSr1oWLkfqXzG05waba03536"
}
---

--- 2026-06-06T09:23:36.833Z debug
Metrics dispatcher: Posting data {"deviceId":"75f672de-8f33-4c06-8e78-2d26fc318570","event":"wrangler command started","timestamp":1780737816833,"properties":{"amplitude_session_id":1780737816790,"amplitude_event_id":0,"wranglerVersion":"4.98.0","wranglerMajorVersion":4,"wranglerMinorVersion":98,"wranglerPatchVersion":0,"osPlatform":"Linux","osVersion":"#1 SMP PREEMPT_DYNAMIC Fri, 22 May 2026 19:25:09 +0000","nodeVersion":24,"isFirstUsage":false,"configFileType":"none","isCI":false,"isPagesCI":false,"isWorkersCI":false,"isInteractive":false,"hasAssets":false,"agent":null,"argsUsed":["json"],"argsCombination":"json","sanitizedCommand":"auth token","sanitizedArgs":{"json":true},"currentAgentSkillsInstalled":null}}
---

--- 2026-06-06T09:23:36.853Z debug
Metrics dispatcher: Posting data {"deviceId":"75f672de-8f33-4c06-8e78-2d26fc318570","event":"retrieve auth token","timestamp":1780737816852,"properties":{"amplitude_session_id":1780737816831,"amplitude_event_id":0,"wranglerVersion":"4.98.0","wranglerMajorVersion":4,"wranglerMinorVersion":98,"wranglerPatchVersion":0,"osPlatform":"Linux","osVersion":"#1 SMP PREEMPT_DYNAMIC Fri, 22 May 2026 19:25:09 +0000","nodeVersion":24,"isFirstUsage":false,"configFileType":"none","isCI":false,"isPagesCI":false,"isWorkersCI":false,"isInteractive":false,"hasAssets":false,"agent":null,"category":"Workers","os":"linux:x64","currentAgentSkillsInstalled":null}}
---

--- 2026-06-06T09:23:36.888Z debug
Metrics dispatcher: Posting data {"deviceId":"75f672de-8f33-4c06-8e78-2d26fc318570","event":"wrangler command completed","timestamp":1780737816888,"properties":{"amplitude_session_id":1780737816790,"amplitude_event_id":1,"wranglerVersion":"4.98.0","wranglerMajorVersion":4,"wranglerMinorVersion":98,"wranglerPatchVersion":0,"osPlatform":"Linux","osVersion":"#1 SMP PREEMPT_DYNAMIC Fri, 22 May 2026 19:25:09 +0000","nodeVersion":24,"isFirstUsage":false,"configFileType":"none","isCI":false,"isPagesCI":false,"isWorkersCI":false,"isInteractive":false,"hasAssets":false,"agent":null,"argsUsed":["json"],"argsCombination":"json","sanitizedCommand":"auth token","sanitizedArgs":{"json":true},"durationMs":70,"currentAgentSkillsInstalled":null}}
---
